\BOOKMARK [1][-]{section.1}{\376\377\145\160\213\272}{}% 1
\BOOKMARK [2][-]{subsection.1.1}{\376\377\116\055\126\375\122\151\117\131\133\232\164\006}{section.1}% 2
\BOOKMARK [2][-]{subsection.1.2}{\376\377\000F\000F\000T}{section.1}% 3
\BOOKMARK [2][-]{subsection.1.3}{\376\377\176\304\124\010\145\160\133\146\377\010\123\142\123\141\145\257\133\232\164\006\060\001\176\277\140\047\173\133\220\006\121\103\377\011}{section.1}% 4
\BOOKMARK [2][-]{subsection.1.4}{\376\377\217\233\146\156\150\356\201\352\220\002\136\224\171\357\122\006}{section.1}% 5
\BOOKMARK [2][-]{subsection.1.5}{\376\377\176\277\140\047\173\133}{section.1}% 6
\BOOKMARK [1][-]{section.2}{\376\377\126\376\213\272}{}% 7
\BOOKMARK [2][-]{subsection.2.1}{\376\377\000T\000a\000r\000j\000a\000n}{section.2}% 8
\BOOKMARK [2][-]{subsection.2.2}{\376\377\147\000\131\047\155\101}{section.2}% 9
\BOOKMARK [2][-]{subsection.2.3}{\376\377\147\000\134\017\215\071\165\050\155\101}{section.2}% 10
\BOOKMARK [1][-]{section.3}{\376\377\145\160\143\156\176\323\147\204}{}% 11
\BOOKMARK [2][-]{subsection.3.1}{\376\377\000K\000-\000D\150\021}{section.3}% 12
\BOOKMARK [2][-]{subsection.3.2}{\376\377\123\357\143\001\116\105\123\026\000T\000r\000i\000e}{section.3}% 13
\BOOKMARK [2][-]{subsection.3.3}{\376\377\000L\000i\000n\000k\000-\000C\000u\000t\000-\000T\000r\000e\000e}{section.3}% 14
\BOOKMARK [2][-]{subsection.3.4}{\376\377\123\357\143\001\116\105\123\026\176\277\153\265\150\021}{section.3}% 15
\BOOKMARK [1][-]{section.4}{\376\377\133\127\173\046\116\062}{}% 16
\BOOKMARK [2][-]{subsection.4.1}{\376\377\000A\000C\201\352\122\250\147\072}{section.4}% 17
\BOOKMARK [2][-]{subsection.4.2}{\376\377\124\016\177\000\145\160\176\304}{section.4}% 18
\BOOKMARK [2][-]{subsection.4.3}{\376\377\126\336\145\207\201\352\122\250\147\072}{section.4}% 19
\BOOKMARK [2][-]{subsection.4.4}{\376\377\000M\000a\000n\000a\000c\000h\000e\000r\173\227\154\325}{section.4}% 20
